Build started 30/10/2013 23:33:13.
     1>Project "G:\Engi\Git\coca-cola\search\mehlib\mehlib.vcxproj" on node 2 (Build target(s)).
     1>ClCompile:
         C:\Program Files (x86)\Microsoft Visual Studio 12.0\VC\bin\AMD64\CL.exe /c /Zi /nologo /W3 /WX- /sdl /O2 /Oi /GL /D WIN32 /D NDEBUG /D _WINDOWS /D _USRDLL /D MEHLIB_EXPORTS /D _WINDLL /D _UNICODE /D UNICODE /Gm- /EHsc /MD /GS /Gy /fp:precise /Zc:wchar_t /Zc:forScope /Yu"stdafx.h" /Fp"x64\Release\mehlib.pch" /Fo"x64\Release\\" /Fd"x64\Release\vc120.pdb" /Gd /TP /errorReport:prompt mehlib.cpp
         mehlib.cpp
     1>mehlib.cpp(112): error C2732: linkage specification contradicts earlier specification for 'incRed'
                 mehlib.cpp(111) : see declaration of 'incRed'
     1>mehlib.cpp(116): error C2732: linkage specification contradicts earlier specification for 'incWhite'
                 mehlib.cpp(115) : see declaration of 'incWhite'
     1>mehlib.cpp(120): error C2732: linkage specification contradicts earlier specification for 'incPara'
                 mehlib.cpp(120) : see declaration of 'incPara'
     1>mehlib.cpp(131): error C2732: linkage specification contradicts earlier specification for 'resetRWFlags'
                 mehlib.cpp(130) : see declaration of 'resetRWFlags'
     1>mehlib.cpp(138): warning C4551: function call missing argument list
     1>mehlib.cpp(141): error C2732: linkage specification contradicts earlier specification for 'isItWhite'
                 mehlib.cpp(140) : see declaration of 'isItWhite'
     1>mehlib.cpp(166): error C2732: linkage specification contradicts earlier specification for 'isItRed'
                 mehlib.cpp(165) : see declaration of 'isItRed'
     1>mehlib.cpp(195): error C2732: linkage specification contradicts earlier specification for 'fadeToBlack'
                 mehlib.cpp(194) : see declaration of 'fadeToBlack'
     1>mehlib.cpp(217): fatal error C1075: end of file found before the left brace '{' at 'mehlib.cpp(105)' was matched
     1>Done Building Project "G:\Engi\Git\coca-cola\search\mehlib\mehlib.vcxproj" (Build target(s)) -- FAILED.

Build FAILED.

Time Elapsed 00:00:01.32
